<?xml version="1.0" encoding="UTF-8"?>
<testng-results ignored="0" total="2" passed="2" failed="0" skipped="0">
  <reporter-output>
  </reporter-output>
  <suite started-at="2021-12-24T18:05:26 MSK" name="CalcTest1" finished-at="2021-12-24T18:05:26 MSK" duration-ms="123">
    <groups>
      <group name="smoke">
        <method signature="CalcTest1.testSum()[pri:0, instance:CalcTest1@67b467e9]" name="testSum" class="CalcTest1"/>
      </group> <!-- smoke -->
    </groups>
    <test started-at="2021-12-24T18:05:26 MSK" name="Command line test" finished-at="2021-12-24T18:05:26 MSK" duration-ms="123">
      <class name="CalcTest1">
        <test-method is-config="true" signature="beforeSuite()[pri:0, instance:CalcTest1@67b467e9]" started-at="2021-12-24T18:05:26 MSK" name="beforeSuite" finished-at="2021-12-24T18:05:26 MSK" duration-ms="26" status="PASS">
          <reporter-output>
          </reporter-output>
        </test-method> <!-- beforeSuite -->
        <test-method is-config="true" signature="beforeTest()[pri:0, instance:CalcTest1@67b467e9]" started-at="2021-12-24T18:05:26 MSK" name="beforeTest" finished-at="2021-12-24T18:05:26 MSK" duration-ms="2" status="PASS">
          <reporter-output>
          </reporter-output>
        </test-method> <!-- beforeTest -->
        <test-method is-config="true" signature="beforeClass()[pri:0, instance:CalcTest1@67b467e9]" started-at="2021-12-24T18:05:26 MSK" name="beforeClass" finished-at="2021-12-24T18:05:26 MSK" duration-ms="1" status="PASS">
          <reporter-output>
          </reporter-output>
        </test-method> <!-- beforeClass -->
        <test-method is-config="true" signature="beforeMethod()[pri:0, instance:CalcTest1@67b467e9]" started-at="2021-12-24T18:05:26 MSK" name="beforeMethod" finished-at="2021-12-24T18:05:26 MSK" duration-ms="1" status="PASS">
          <reporter-output>
          </reporter-output>
        </test-method> <!-- beforeMethod -->
        <test-method signature="testSum()[pri:0, instance:CalcTest1@67b467e9]" started-at="2021-12-24T18:05:26 MSK" name="testSum" description="Test of Sum in my Calculator" finished-at="2021-12-24T18:05:26 MSK" duration-ms="3" status="PASS">
          <reporter-output>
          </reporter-output>
        </test-method> <!-- testSum -->
        <test-method is-config="true" signature="afterMethod()[pri:0, instance:CalcTest1@67b467e9]" started-at="2021-12-24T18:05:26 MSK" name="afterMethod" finished-at="2021-12-24T18:05:26 MSK" duration-ms="1" status="PASS">
          <reporter-output>
          </reporter-output>
        </test-method> <!-- afterMethod -->
        <test-method is-config="true" signature="beforeMethod()[pri:0, instance:CalcTest1@67b467e9]" started-at="2021-12-24T18:05:26 MSK" name="beforeMethod" finished-at="2021-12-24T18:05:26 MSK" duration-ms="1" status="PASS">
          <reporter-output>
          </reporter-output>
        </test-method> <!-- beforeMethod -->
        <test-method signature="testSum1()[pri:0, instance:CalcTest1@67b467e9]" started-at="2021-12-24T18:05:26 MSK" name="testSum1" finished-at="2021-12-24T18:05:26 MSK" duration-ms="1" status="PASS">
          <reporter-output>
          </reporter-output>
        </test-method> <!-- testSum1 -->
        <test-method is-config="true" signature="afterMethod()[pri:0, instance:CalcTest1@67b467e9]" started-at="2021-12-24T18:05:26 MSK" name="afterMethod" finished-at="2021-12-24T18:05:26 MSK" duration-ms="1" status="PASS">
          <reporter-output>
          </reporter-output>
        </test-method> <!-- afterMethod -->
        <test-method is-config="true" signature="afterClass()[pri:0, instance:CalcTest1@67b467e9]" started-at="2021-12-24T18:05:26 MSK" name="afterClass" finished-at="2021-12-24T18:05:26 MSK" duration-ms="1" status="PASS">
          <reporter-output>
          </reporter-output>
        </test-method> <!-- afterClass -->
        <test-method is-config="true" signature="afterTest()[pri:0, instance:CalcTest1@67b467e9]" started-at="2021-12-24T18:05:26 MSK" name="afterTest" finished-at="2021-12-24T18:05:26 MSK" duration-ms="0" status="PASS">
          <reporter-output>
          </reporter-output>
        </test-method> <!-- afterTest -->
        <test-method is-config="true" signature="afterSuite()[pri:0, instance:CalcTest1@67b467e9]" started-at="2021-12-24T18:05:26 MSK" name="afterSuite" finished-at="2021-12-24T18:05:26 MSK" duration-ms="1" status="PASS">
          <reporter-output>
          </reporter-output>
        </test-method> <!-- afterSuite -->
      </class> <!-- CalcTest1 -->
    </test> <!-- Command line test -->
  </suite> <!-- CalcTest1 -->
</testng-results>
